<?xml version="1.0" encoding="UTF-8"?>
<!-- Generated by org.testng.reporters.JUnitReportReporter -->
<testsuite hostname="puhui" name="com.cif.utcs.MysqlController" tests="1" failures="0" timestamp="17 Apr 2017 08:02:12 GMT" time="1.483" errors="0">
  <testcase name="getJson" time="1.483" classname="com.cif.utcs.MysqlController"/>
</testsuite> <!-- com.cif.utcs.MysqlController -->
