<?xml version="1.0" encoding="UTF-8"?>
<!-- Generated by org.testng.reporters.JUnitReportReporter -->
<testsuite hostname="puhui" name="com.cif.utcs.UtcsTesNG_Factory" tests="2" failures="0" timestamp="26 Apr 2017 05:59:53 GMT" time="0.617" errors="0">
  <testcase name="assertTest" time="0.332" classname="com.cif.utcs.UtcsTesNG_Factory"/>
  <testcase name="assertTest" time="0.285" classname="com.cif.utcs.UtcsTesNG_Factory"/>
</testsuite> <!-- com.cif.utcs.UtcsTesNG_Factory -->
