<?xml version="1.0" encoding="UTF-8"?>
<!-- Generated by org.testng.reporters.JUnitReportReporter -->
<testsuite hostname="puhui" name="com.cif.restfull_jenkins.AssertClass" tests="23" failures="0" timestamp="3 May 2017 06:16:47 GMT" time="3.212" errors="0">
  <testcase name="method" time="0.039" classname="com.cif.restfull_jenkins.AssertClass"/>
  <testcase name="method" time="0.056" classname="com.cif.restfull_jenkins.AssertClass"/>
  <testcase name="method" time="0.055" classname="com.cif.restfull_jenkins.AssertClass"/>
  <testcase name="method" time="0.044" classname="com.cif.restfull_jenkins.AssertClass"/>
  <testcase name="method" time="1.999" classname="com.cif.restfull_jenkins.AssertClass"/>
  <testcase name="method" time="0.054" classname="com.cif.restfull_jenkins.AssertClass"/>
  <testcase name="method" time="0.043" classname="com.cif.restfull_jenkins.AssertClass"/>
  <testcase name="method" time="0.042" classname="com.cif.restfull_jenkins.AssertClass"/>
  <testcase name="method" time="0.047" classname="com.cif.restfull_jenkins.AssertClass"/>
  <testcase name="method" time="0.038" classname="com.cif.restfull_jenkins.AssertClass"/>
  <testcase name="method" time="0.044" classname="com.cif.restfull_jenkins.AssertClass"/>
  <testcase name="method" time="0.046" classname="com.cif.restfull_jenkins.AssertClass"/>
  <testcase name="method" time="0.034" classname="com.cif.restfull_jenkins.AssertClass"/>
  <testcase name="method" time="0.055" classname="com.cif.restfull_jenkins.AssertClass"/>
  <testcase name="method" time="0.123" classname="com.cif.restfull_jenkins.AssertClass"/>
  <testcase name="method" time="0.172" classname="com.cif.restfull_jenkins.AssertClass"/>
  <testcase name="method" time="0.042" classname="com.cif.restfull_jenkins.AssertClass"/>
  <testcase name="method" time="0.042" classname="com.cif.restfull_jenkins.AssertClass"/>
  <testcase name="method" time="0.052" classname="com.cif.restfull_jenkins.AssertClass"/>
  <testcase name="method" time="0.042" classname="com.cif.restfull_jenkins.AssertClass"/>
  <testcase name="method" time="0.041" classname="com.cif.restfull_jenkins.AssertClass"/>
  <testcase name="method" time="0.053" classname="com.cif.restfull_jenkins.AssertClass"/>
  <testcase name="method" time="0.049" classname="com.cif.restfull_jenkins.AssertClass"/>
</testsuite> <!-- com.cif.restfull_jenkins.AssertClass -->
