<?xml version="1.0" encoding="UTF-8"?>
<!-- Generated by org.testng.reporters.JUnitReportReporter -->
<testsuite hostname="puhui" name="pu.hui.CifInterfaceTest" tests="94" failures="3" timestamp="6 Dec 2016 02:48:05 GMT" time="11.853" errors="0">
  <testcase name="TestInterface01" time="0.122" classname="pu.hui.CifInterfaceTest"/>
  <testcase name="TestInterface01" time="0.104" classname="pu.hui.CifInterfaceTest"/>
  <testcase name="TestInterface01" time="0.083" classname="pu.hui.CifInterfaceTest"/>
  <testcase name="TestInterface01" time="0.153" classname="pu.hui.CifInterfaceTest"/>
  <testcase name="TestInterface01" time="0.102" classname="pu.hui.CifInterfaceTest"/>
  <testcase name="TestInterface01" time="0.095" classname="pu.hui.CifInterfaceTest"/>
  <testcase name="TestInterface01" time="0.118" classname="pu.hui.CifInterfaceTest"/>
  <testcase name="TestInterface01" time="0.146" classname="pu.hui.CifInterfaceTest"/>
  <testcase name="TestInterface01" time="0.086" classname="pu.hui.CifInterfaceTest">
    <failure type="java.lang.AssertionError" message="expected [true] but found [false]">
      <![CDATA[java.lang.AssertionError: expected [true] but found [false]
	at org.testng.Assert.fail(Assert.java:94)
	at org.testng.Assert.failNotEquals(Assert.java:513)
	at org.testng.Assert.assertTrue(Assert.java:42)
	at org.testng.Assert.assertTrue(Assert.java:52)
	at pu.hui.CifInterfaceTest.TestInterface01(CifInterfaceTest.java:41)
	at sun.reflect.GeneratedMethodAccessor69.invoke(Unknown Source)
	at sun.reflect.DelegatingMethodAccessorImpl.invoke(Unknown Source)
	at java.lang.reflect.Method.invoke(Unknown Source)
	at org.testng.internal.MethodInvocationHelper.invokeMethod(MethodInvocationHelper.java:86)
	at org.testng.internal.Invoker.invokeMethod(Invoker.java:643)
	at org.testng.internal.Invoker.invokeTestMethod(Invoker.java:820)
	at org.testng.internal.Invoker.invokeTestMethods(Invoker.java:1128)
	at org.testng.internal.TestMethodWorker.invokeTestMethods(TestMethodWorker.java:129)
	at org.testng.internal.TestMethodWorker.run(TestMethodWorker.java:112)
	at org.testng.TestRunner.privateRun(TestRunner.java:782)
	at org.testng.TestRunner.run(TestRunner.java:632)
	at org.testng.SuiteRunner.runTest(SuiteRunner.java:366)
	at org.testng.SuiteRunner.runSequentially(SuiteRunner.java:361)
	at org.testng.SuiteRunner.privateRun(SuiteRunner.java:319)
	at org.testng.SuiteRunner.run(SuiteRunner.java:268)
	at org.testng.SuiteRunnerWorker.runSuite(SuiteRunnerWorker.java:52)
	at org.testng.SuiteRunnerWorker.run(SuiteRunnerWorker.java:86)
	at org.testng.TestNG.runSuitesSequentially(TestNG.java:1244)
	at org.testng.TestNG.runSuitesLocally(TestNG.java:1169)
	at org.testng.TestNG.run(TestNG.java:1064)
	at org.testng.remote.AbstractRemoteTestNG.run(AbstractRemoteTestNG.java:126)
	at org.testng.remote.RemoteTestNG.initAndRun(RemoteTestNG.java:137)
	at org.testng.remote.RemoteTestNG.main(RemoteTestNG.java:58)
]]>
    </failure>
  </testcase> <!-- TestInterface01 -->
  <testcase name="TestInterface01" time="0.102" classname="pu.hui.CifInterfaceTest"/>
  <testcase name="TestInterface01" time="0.093" classname="pu.hui.CifInterfaceTest"/>
  <testcase name="TestInterface01" time="2.545" classname="pu.hui.CifInterfaceTest"/>
  <testcase name="TestInterface01" time="0.089" classname="pu.hui.CifInterfaceTest"/>
  <testcase name="TestInterface01" time="0.151" classname="pu.hui.CifInterfaceTest"/>
  <testcase name="TestInterface01" time="0.137" classname="pu.hui.CifInterfaceTest"/>
  <testcase name="TestInterface01" time="0.196" classname="pu.hui.CifInterfaceTest"/>
  <testcase name="TestInterface01" time="0.085" classname="pu.hui.CifInterfaceTest"/>
  <testcase name="TestInterface01" time="0.081" classname="pu.hui.CifInterfaceTest"/>
  <testcase name="TestInterface01" time="0.087" classname="pu.hui.CifInterfaceTest"/>
  <testcase name="TestInterface01" time="0.098" classname="pu.hui.CifInterfaceTest"/>
  <testcase name="TestInterface01" time="0.149" classname="pu.hui.CifInterfaceTest"/>
  <testcase name="TestInterface01" time="0.090" classname="pu.hui.CifInterfaceTest"/>
  <testcase name="TestInterface01" time="0.083" classname="pu.hui.CifInterfaceTest"/>
  <testcase name="TestInterface01" time="0.073" classname="pu.hui.CifInterfaceTest"/>
  <testcase name="TestInterface01" time="0.084" classname="pu.hui.CifInterfaceTest"/>
  <testcase name="TestInterface01" time="0.073" classname="pu.hui.CifInterfaceTest"/>
  <testcase name="TestInterface01" time="0.074" classname="pu.hui.CifInterfaceTest"/>
  <testcase name="TestInterface01" time="0.096" classname="pu.hui.CifInterfaceTest"/>
  <testcase name="TestInterface01" time="0.076" classname="pu.hui.CifInterfaceTest"/>
  <testcase name="TestInterface01" time="0.074" classname="pu.hui.CifInterfaceTest"/>
  <testcase name="TestInterface01" time="0.095" classname="pu.hui.CifInterfaceTest"/>
  <testcase name="TestInterface01" time="0.075" classname="pu.hui.CifInterfaceTest"/>
  <testcase name="TestInterface01" time="0.098" classname="pu.hui.CifInterfaceTest"/>
  <testcase name="TestInterface01" time="0.223" classname="pu.hui.CifInterfaceTest"/>
  <testcase name="TestInterface01" time="0.071" classname="pu.hui.CifInterfaceTest"/>
  <testcase name="TestInterface01" time="0.089" classname="pu.hui.CifInterfaceTest"/>
  <testcase name="TestInterface01" time="0.075" classname="pu.hui.CifInterfaceTest"/>
  <testcase name="TestInterface01" time="0.120" classname="pu.hui.CifInterfaceTest">
    <failure type="java.lang.AssertionError" message="expected [true] but found [false]">
      <![CDATA[java.lang.AssertionError: expected [true] but found [false]
	at org.testng.Assert.fail(Assert.java:94)
	at org.testng.Assert.failNotEquals(Assert.java:513)
	at org.testng.Assert.assertTrue(Assert.java:42)
	at org.testng.Assert.assertTrue(Assert.java:52)
	at pu.hui.CifInterfaceTest.TestInterface01(CifInterfaceTest.java:41)
	at sun.reflect.GeneratedMethodAccessor69.invoke(Unknown Source)
	at sun.reflect.DelegatingMethodAccessorImpl.invoke(Unknown Source)
	at java.lang.reflect.Method.invoke(Unknown Source)
	at org.testng.internal.MethodInvocationHelper.invokeMethod(MethodInvocationHelper.java:86)
	at org.testng.internal.Invoker.invokeMethod(Invoker.java:643)
	at org.testng.internal.Invoker.invokeTestMethod(Invoker.java:820)
	at org.testng.internal.Invoker.invokeTestMethods(Invoker.java:1128)
	at org.testng.internal.TestMethodWorker.invokeTestMethods(TestMethodWorker.java:129)
	at org.testng.internal.TestMethodWorker.run(TestMethodWorker.java:112)
	at org.testng.TestRunner.privateRun(TestRunner.java:782)
	at org.testng.TestRunner.run(TestRunner.java:632)
	at org.testng.SuiteRunner.runTest(SuiteRunner.java:366)
	at org.testng.SuiteRunner.runSequentially(SuiteRunner.java:361)
	at org.testng.SuiteRunner.privateRun(SuiteRunner.java:319)
	at org.testng.SuiteRunner.run(SuiteRunner.java:268)
	at org.testng.SuiteRunnerWorker.runSuite(SuiteRunnerWorker.java:52)
	at org.testng.SuiteRunnerWorker.run(SuiteRunnerWorker.java:86)
	at org.testng.TestNG.runSuitesSequentially(TestNG.java:1244)
	at org.testng.TestNG.runSuitesLocally(TestNG.java:1169)
	at org.testng.TestNG.run(TestNG.java:1064)
	at org.testng.remote.AbstractRemoteTestNG.run(AbstractRemoteTestNG.java:126)
	at org.testng.remote.RemoteTestNG.initAndRun(RemoteTestNG.java:137)
	at org.testng.remote.RemoteTestNG.main(RemoteTestNG.java:58)
]]>
    </failure>
  </testcase> <!-- TestInterface01 -->
  <testcase name="TestInterface01" time="0.094" classname="pu.hui.CifInterfaceTest"/>
  <testcase name="TestInterface01" time="0.113" classname="pu.hui.CifInterfaceTest"/>
  <testcase name="TestInterface01" time="0.112" classname="pu.hui.CifInterfaceTest"/>
  <testcase name="TestInterface01" time="0.116" classname="pu.hui.CifInterfaceTest"/>
  <testcase name="TestInterface01" time="0.087" classname="pu.hui.CifInterfaceTest"/>
  <testcase name="TestInterface01" time="0.085" classname="pu.hui.CifInterfaceTest"/>
  <testcase name="TestInterface01" time="0.077" classname="pu.hui.CifInterfaceTest"/>
  <testcase name="TestInterface01" time="0.079" classname="pu.hui.CifInterfaceTest"/>
  <testcase name="TestInterface01" time="0.120" classname="pu.hui.CifInterfaceTest"/>
  <testcase name="TestInterface01" time="0.204" classname="pu.hui.CifInterfaceTest"/>
  <testcase name="TestInterface01" time="0.093" classname="pu.hui.CifInterfaceTest"/>
  <testcase name="TestInterface01" time="0.071" classname="pu.hui.CifInterfaceTest"/>
  <testcase name="TestInterface01" time="0.102" classname="pu.hui.CifInterfaceTest"/>
  <testcase name="TestInterface01" time="0.082" classname="pu.hui.CifInterfaceTest"/>
  <testcase name="TestInterface01" time="0.090" classname="pu.hui.CifInterfaceTest"/>
  <testcase name="TestInterface01" time="0.090" classname="pu.hui.CifInterfaceTest"/>
  <testcase name="TestInterface01" time="0.097" classname="pu.hui.CifInterfaceTest"/>
  <testcase name="TestInterface01" time="0.082" classname="pu.hui.CifInterfaceTest"/>
  <testcase name="TestInterface01" time="0.117" classname="pu.hui.CifInterfaceTest"/>
  <testcase name="TestInterface01" time="0.104" classname="pu.hui.CifInterfaceTest"/>
  <testcase name="TestInterface01" time="0.078" classname="pu.hui.CifInterfaceTest"/>
  <testcase name="TestInterface01" time="0.071" classname="pu.hui.CifInterfaceTest"/>
  <testcase name="TestInterface01" time="0.093" classname="pu.hui.CifInterfaceTest"/>
  <testcase name="TestInterface01" time="0.109" classname="pu.hui.CifInterfaceTest"/>
  <testcase name="TestInterface01" time="0.137" classname="pu.hui.CifInterfaceTest"/>
  <testcase name="TestInterface01" time="0.078" classname="pu.hui.CifInterfaceTest"/>
  <testcase name="TestInterface01" time="0.089" classname="pu.hui.CifInterfaceTest"/>
  <testcase name="TestInterface01" time="0.090" classname="pu.hui.CifInterfaceTest"/>
  <testcase name="TestInterface01" time="0.083" classname="pu.hui.CifInterfaceTest"/>
  <testcase name="TestInterface01" time="0.117" classname="pu.hui.CifInterfaceTest"/>
  <testcase name="TestInterface01" time="0.074" classname="pu.hui.CifInterfaceTest"/>
  <testcase name="TestInterface01" time="0.072" classname="pu.hui.CifInterfaceTest"/>
  <testcase name="TestInterface01" time="0.073" classname="pu.hui.CifInterfaceTest"/>
  <testcase name="TestInterface01" time="0.078" classname="pu.hui.CifInterfaceTest"/>
  <testcase name="TestInterface01" time="0.078" classname="pu.hui.CifInterfaceTest"/>
  <testcase name="TestInterface01" time="0.256" classname="pu.hui.CifInterfaceTest"/>
  <testcase name="TestInterface01" time="0.089" classname="pu.hui.CifInterfaceTest"/>
  <testcase name="TestInterface01" time="0.071" classname="pu.hui.CifInterfaceTest"/>
  <testcase name="TestInterface01" time="0.080" classname="pu.hui.CifInterfaceTest"/>
  <testcase name="TestInterface01" time="0.164" classname="pu.hui.CifInterfaceTest"/>
  <testcase name="TestInterface01" time="0.112" classname="pu.hui.CifInterfaceTest"/>
  <testcase name="TestInterface01" time="0.080" classname="pu.hui.CifInterfaceTest">
    <failure type="java.lang.AssertionError" message="expected [true] but found [false]">
      <![CDATA[java.lang.AssertionError: expected [true] but found [false]
	at org.testng.Assert.fail(Assert.java:94)
	at org.testng.Assert.failNotEquals(Assert.java:513)
	at org.testng.Assert.assertTrue(Assert.java:42)
	at org.testng.Assert.assertTrue(Assert.java:52)
	at pu.hui.CifInterfaceTest.TestInterface01(CifInterfaceTest.java:41)
	at sun.reflect.GeneratedMethodAccessor69.invoke(Unknown Source)
	at sun.reflect.DelegatingMethodAccessorImpl.invoke(Unknown Source)
	at java.lang.reflect.Method.invoke(Unknown Source)
	at org.testng.internal.MethodInvocationHelper.invokeMethod(MethodInvocationHelper.java:86)
	at org.testng.internal.Invoker.invokeMethod(Invoker.java:643)
	at org.testng.internal.Invoker.invokeTestMethod(Invoker.java:820)
	at org.testng.internal.Invoker.invokeTestMethods(Invoker.java:1128)
	at org.testng.internal.TestMethodWorker.invokeTestMethods(TestMethodWorker.java:129)
	at org.testng.internal.TestMethodWorker.run(TestMethodWorker.java:112)
	at org.testng.TestRunner.privateRun(TestRunner.java:782)
	at org.testng.TestRunner.run(TestRunner.java:632)
	at org.testng.SuiteRunner.runTest(SuiteRunner.java:366)
	at org.testng.SuiteRunner.runSequentially(SuiteRunner.java:361)
	at org.testng.SuiteRunner.privateRun(SuiteRunner.java:319)
	at org.testng.SuiteRunner.run(SuiteRunner.java:268)
	at org.testng.SuiteRunnerWorker.runSuite(SuiteRunnerWorker.java:52)
	at org.testng.SuiteRunnerWorker.run(SuiteRunnerWorker.java:86)
	at org.testng.TestNG.runSuitesSequentially(TestNG.java:1244)
	at org.testng.TestNG.runSuitesLocally(TestNG.java:1169)
	at org.testng.TestNG.run(TestNG.java:1064)
	at org.testng.remote.AbstractRemoteTestNG.run(AbstractRemoteTestNG.java:126)
	at org.testng.remote.RemoteTestNG.initAndRun(RemoteTestNG.java:137)
	at org.testng.remote.RemoteTestNG.main(RemoteTestNG.java:58)
]]>
    </failure>
  </testcase> <!-- TestInterface01 -->
  <testcase name="TestInterface01" time="0.078" classname="pu.hui.CifInterfaceTest"/>
  <testcase name="TestInterface01" time="0.074" classname="pu.hui.CifInterfaceTest"/>
  <testcase name="TestInterface01" time="0.089" classname="pu.hui.CifInterfaceTest"/>
  <testcase name="TestInterface01" time="0.079" classname="pu.hui.CifInterfaceTest"/>
  <testcase name="TestInterface01" time="0.105" classname="pu.hui.CifInterfaceTest"/>
  <testcase name="TestInterface01" time="0.090" classname="pu.hui.CifInterfaceTest"/>
  <testcase name="TestInterface01" time="0.102" classname="pu.hui.CifInterfaceTest"/>
  <testcase name="TestInterface01" time="0.078" classname="pu.hui.CifInterfaceTest"/>
  <testcase name="TestInterface01" time="0.095" classname="pu.hui.CifInterfaceTest"/>
  <testcase name="TestInterface01" time="0.088" classname="pu.hui.CifInterfaceTest"/>
  <testcase name="TestInterface01" time="0.079" classname="pu.hui.CifInterfaceTest"/>
  <testcase name="TestInterface01" time="0.111" classname="pu.hui.CifInterfaceTest"/>
  <testcase name="TestInterface01" time="0.117" classname="pu.hui.CifInterfaceTest"/>
  <testcase name="TestInterface01" time="0.090" classname="pu.hui.CifInterfaceTest"/>
</testsuite> <!-- pu.hui.CifInterfaceTest -->
