<?xml version="1.0" encoding="UTF-8"?>
<!-- Generated by org.testng.reporters.JUnitReportReporter -->
<testsuite hostname="puhui" name="com.cif.utcs.HttpClientFactory" tests="2" failures="0" timestamp="17 Apr 2017 09:18:48 GMT" time="0.764" errors="0">
  <testcase name="assertTest" time="0.523" classname="com.cif.utcs.HttpClientFactory"/>
  <testcase name="assertTest" time="0.241" classname="com.cif.utcs.HttpClientFactory"/>
</testsuite> <!-- com.cif.utcs.HttpClientFactory -->
