<?xml version="1.0" encoding="UTF-8"?>
<!-- Generated by org.testng.reporters.JUnitReportReporter -->
<testsuite hostname="puhui" name="com.cif.restfull_jenkins.TestCase" tests="11" failures="0" timestamp="5 May 2017 10:06:02 GMT" time="0.187" errors="0">
  <testcase name="testMethod222" time="0.004" classname="com.cif.restfull_jenkins.TestCase"/>
  <testcase name="testMethod222" time="0.007" classname="com.cif.restfull_jenkins.TestCase"/>
  <testcase name="testMethod222" time="0.005" classname="com.cif.restfull_jenkins.TestCase"/>
  <testcase name="testMethod222" time="0.133" classname="com.cif.restfull_jenkins.TestCase"/>
  <testcase name="testMethod222" time="0.004" classname="com.cif.restfull_jenkins.TestCase"/>
  <testcase name="testMethod222" time="0.006" classname="com.cif.restfull_jenkins.TestCase"/>
  <testcase name="testMethod222" time="0.003" classname="com.cif.restfull_jenkins.TestCase"/>
  <testcase name="testMethod222" time="0.005" classname="com.cif.restfull_jenkins.TestCase"/>
  <testcase name="testMethod111" time="0.013" classname="com.cif.restfull_jenkins.TestCase"/>
  <testcase name="testMethod222" time="0.004" classname="com.cif.restfull_jenkins.TestCase"/>
  <testcase name="testMethod222" time="0.003" classname="com.cif.restfull_jenkins.TestCase"/>
</testsuite> <!-- com.cif.restfull_jenkins.TestCase -->
