<?xml version="1.0" encoding="UTF-8"?>
<!-- Generated by org.testng.reporters.JUnitReportReporter -->
<testsuite hostname="puhui" name="com.cif.restfull_jenkins.AssertClass" tests="23" failures="0" timestamp="3 May 2017 06:34:58 GMT" time="2.054" errors="0">
  <testcase name="method" time="0.048" classname="com.cif.restfull_jenkins.AssertClass"/>
  <testcase name="method" time="0.039" classname="com.cif.restfull_jenkins.AssertClass"/>
  <testcase name="method" time="0.043" classname="com.cif.restfull_jenkins.AssertClass"/>
  <testcase name="method" time="0.171" classname="com.cif.restfull_jenkins.AssertClass"/>
  <testcase name="method" time="0.042" classname="com.cif.restfull_jenkins.AssertClass"/>
  <testcase name="method" time="0.051" classname="com.cif.restfull_jenkins.AssertClass"/>
  <testcase name="method" time="0.041" classname="com.cif.restfull_jenkins.AssertClass"/>
  <testcase name="method" time="0.046" classname="com.cif.restfull_jenkins.AssertClass"/>
  <testcase name="method" time="0.037" classname="com.cif.restfull_jenkins.AssertClass"/>
  <testcase name="method" time="0.044" classname="com.cif.restfull_jenkins.AssertClass"/>
  <testcase name="method" time="0.048" classname="com.cif.restfull_jenkins.AssertClass"/>
  <testcase name="method" time="0.900" classname="com.cif.restfull_jenkins.AssertClass"/>
  <testcase name="method" time="0.036" classname="com.cif.restfull_jenkins.AssertClass"/>
  <testcase name="method" time="0.041" classname="com.cif.restfull_jenkins.AssertClass"/>
  <testcase name="method" time="0.053" classname="com.cif.restfull_jenkins.AssertClass"/>
  <testcase name="method" time="0.058" classname="com.cif.restfull_jenkins.AssertClass"/>
  <testcase name="method" time="0.036" classname="com.cif.restfull_jenkins.AssertClass"/>
  <testcase name="method" time="0.043" classname="com.cif.restfull_jenkins.AssertClass"/>
  <testcase name="method" time="0.037" classname="com.cif.restfull_jenkins.AssertClass"/>
  <testcase name="method" time="0.126" classname="com.cif.restfull_jenkins.AssertClass"/>
  <testcase name="method" time="0.038" classname="com.cif.restfull_jenkins.AssertClass"/>
  <testcase name="method" time="0.034" classname="com.cif.restfull_jenkins.AssertClass"/>
  <testcase name="method" time="0.042" classname="com.cif.restfull_jenkins.AssertClass"/>
</testsuite> <!-- com.cif.restfull_jenkins.AssertClass -->
