<?xml version="1.0" encoding="UTF-8"?>
<!-- Generated by org.testng.reporters.JUnitReportReporter -->
<testsuite hostname="puhui" name="com.cif.now.controller.AssertMysql" tests="23" failures="0" timestamp="17 Oct 2017 05:13:04 GMT" time="0.193" errors="0">
  <testcase name="testMethod" time="0.002" classname="com.cif.now.controller.AssertMysql"/>
  <testcase name="testMethod" time="0.005" classname="com.cif.now.controller.AssertMysql"/>
  <testcase name="testMethod" time="0.004" classname="com.cif.now.controller.AssertMysql"/>
  <testcase name="testMethod" time="0.004" classname="com.cif.now.controller.AssertMysql"/>
  <testcase name="testMethod" time="0.003" classname="com.cif.now.controller.AssertMysql"/>
  <testcase name="testMethod" time="0.004" classname="com.cif.now.controller.AssertMysql"/>
  <testcase name="testMethod" time="0.002" classname="com.cif.now.controller.AssertMysql"/>
  <testcase name="testMethod" time="0.003" classname="com.cif.now.controller.AssertMysql"/>
  <testcase name="testMethod" time="0.004" classname="com.cif.now.controller.AssertMysql"/>
  <testcase name="testMethod" time="0.002" classname="com.cif.now.controller.AssertMysql"/>
  <testcase name="testMethod" time="0.004" classname="com.cif.now.controller.AssertMysql"/>
  <testcase name="testMethod" time="0.003" classname="com.cif.now.controller.AssertMysql"/>
  <testcase name="testMethod" time="0.003" classname="com.cif.now.controller.AssertMysql"/>
  <testcase name="testMethod" time="0.004" classname="com.cif.now.controller.AssertMysql"/>
  <testcase name="testMethod" time="0.004" classname="com.cif.now.controller.AssertMysql"/>
  <testcase name="testMethod" time="0.004" classname="com.cif.now.controller.AssertMysql"/>
  <testcase name="testMethod" time="0.008" classname="com.cif.now.controller.AssertMysql"/>
  <testcase name="testMethod" time="0.004" classname="com.cif.now.controller.AssertMysql"/>
  <testcase name="testMethod" time="0.007" classname="com.cif.now.controller.AssertMysql"/>
  <testcase name="testMethod" time="0.004" classname="com.cif.now.controller.AssertMysql"/>
  <testcase name="testMethod" time="0.109" classname="com.cif.now.controller.AssertMysql"/>
  <testcase name="testMethod" time="0.003" classname="com.cif.now.controller.AssertMysql"/>
  <testcase name="testMethod" time="0.003" classname="com.cif.now.controller.AssertMysql"/>
</testsuite> <!-- com.cif.now.controller.AssertMysql -->
