<?xml version="1.0" encoding="UTF-8"?>
<!-- Generated by org.testng.reporters.JUnitReportReporter -->
<testsuite hostname="puhui" name="com.cif.now.mongo.Assert_Compare" tests="23" failures="0" timestamp="17 Oct 2017 07:44:15 GMT" time="34.006" errors="0">
  <testcase name="method" time="0.342" classname="com.cif.now.mongo.Assert_Compare"/>
  <testcase name="method" time="2.562" classname="com.cif.now.mongo.Assert_Compare"/>
  <testcase name="method" time="17.061" classname="com.cif.now.mongo.Assert_Compare"/>
  <testcase name="method" time="0.914" classname="com.cif.now.mongo.Assert_Compare"/>
  <testcase name="method" time="2.310" classname="com.cif.now.mongo.Assert_Compare"/>
  <testcase name="method" time="0.616" classname="com.cif.now.mongo.Assert_Compare"/>
  <testcase name="method" time="2.529" classname="com.cif.now.mongo.Assert_Compare"/>
  <testcase name="method" time="0.455" classname="com.cif.now.mongo.Assert_Compare"/>
  <testcase name="method" time="0.412" classname="com.cif.now.mongo.Assert_Compare"/>
  <testcase name="method" time="0.322" classname="com.cif.now.mongo.Assert_Compare"/>
  <testcase name="method" time="0.351" classname="com.cif.now.mongo.Assert_Compare"/>
  <testcase name="method" time="0.470" classname="com.cif.now.mongo.Assert_Compare"/>
  <testcase name="method" time="0.341" classname="com.cif.now.mongo.Assert_Compare"/>
  <testcase name="method" time="0.481" classname="com.cif.now.mongo.Assert_Compare"/>
  <testcase name="method" time="0.481" classname="com.cif.now.mongo.Assert_Compare"/>
  <testcase name="method" time="1.120" classname="com.cif.now.mongo.Assert_Compare"/>
  <testcase name="method" time="0.899" classname="com.cif.now.mongo.Assert_Compare"/>
  <testcase name="method" time="0.409" classname="com.cif.now.mongo.Assert_Compare"/>
  <testcase name="method" time="0.436" classname="com.cif.now.mongo.Assert_Compare"/>
  <testcase name="method" time="0.391" classname="com.cif.now.mongo.Assert_Compare"/>
  <testcase name="method" time="0.391" classname="com.cif.now.mongo.Assert_Compare"/>
  <testcase name="method" time="0.351" classname="com.cif.now.mongo.Assert_Compare"/>
  <testcase name="method" time="0.362" classname="com.cif.now.mongo.Assert_Compare"/>
</testsuite> <!-- com.cif.now.mongo.Assert_Compare -->
