<?xml version="1.0" encoding="UTF-8"?>
<!-- Generated by org.testng.reporters.JUnitReportReporter -->
<testsuite hostname="puhui" name="com.cif.restfull_jenkins.MogoData" tests="1" failures="0" timestamp="5 May 2017 09:17:21 GMT" time="3.108" errors="0">
  <testcase name="beginMongo" time="3.108" classname="com.cif.restfull_jenkins.MogoData"/>
</testsuite> <!-- com.cif.restfull_jenkins.MogoData -->
