<?xml version="1.0" encoding="UTF-8"?>
<!-- Generated by org.testng.reporters.JUnitReportReporter -->
<testsuite hostname="puhui" name="com.cif.restfull_jenkins.MogoData" tests="1" failures="0" timestamp="9 Jun 2017 06:56:59 GMT" time="2.603" errors="0">
  <testcase name="beginMongo" time="2.603" classname="com.cif.restfull_jenkins.MogoData"/>
</testsuite> <!-- com.cif.restfull_jenkins.MogoData -->
