<?xml version="1.0" encoding="UTF-8"?>
<!-- Generated by org.testng.reporters.JUnitReportReporter -->
<testsuite hostname="puhui" name="com.cif.winds.controller.TagQueryControllerTwo" tests="4" failures="0" timestamp="29 Aug 2017 02:29:00 GMT" time="1.247" errors="0">
  <testcase name="method" time="0.113" classname="com.cif.winds.controller.TagQueryControllerTwo"/>
  <testcase name="method" time="0.264" classname="com.cif.winds.controller.TagQueryControllerTwo"/>
  <testcase name="method" time="0.738" classname="com.cif.winds.controller.TagQueryControllerTwo"/>
  <testcase name="method" time="0.132" classname="com.cif.winds.controller.TagQueryControllerTwo"/>
</testsuite> <!-- com.cif.winds.controller.TagQueryControllerTwo -->
