<?xml version="1.0" encoding="UTF-8"?>
<!-- Generated by org.testng.reporters.JUnitReportReporter -->
<testsuite hostname="puhui" name="com.cif.utcs.UtcsTestNG_Run" tests="2" failures="0" timestamp="26 Apr 2017 18:19:18 GMT" time="0.016" errors="0">
  <testcase name="testHiveData" time="0.003" classname="com.cif.utcs.UtcsTestNG_Run"/>
  <testcase name="testHiveData" time="0.013" classname="com.cif.utcs.UtcsTestNG_Run"/>
</testsuite> <!-- com.cif.utcs.UtcsTestNG_Run -->
