<?xml version="1.0" encoding="UTF-8"?>
<!-- Generated by org.testng.reporters.JUnitReportReporter -->
<testsuite hostname="puhui" name="com.cif.restfull_jenkins.Uat_AssertClass" tests="201" failures="0" timestamp="8 Nov 2017 12:46:17 GMT" time="10.381" errors="0">
  <testcase name="method" time="0.044" classname="com.cif.restfull_jenkins.Uat_AssertClass"/>
  <testcase name="method" time="0.033" classname="com.cif.restfull_jenkins.Uat_AssertClass"/>
  <testcase name="method" time="0.060" classname="com.cif.restfull_jenkins.Uat_AssertClass"/>
  <testcase name="method" time="0.044" classname="com.cif.restfull_jenkins.Uat_AssertClass"/>
  <testcase name="method" time="0.047" classname="com.cif.restfull_jenkins.Uat_AssertClass"/>
  <testcase name="method" time="0.050" classname="com.cif.restfull_jenkins.Uat_AssertClass"/>
  <testcase name="method" time="0.040" classname="com.cif.restfull_jenkins.Uat_AssertClass"/>
  <testcase name="method" time="0.051" classname="com.cif.restfull_jenkins.Uat_AssertClass"/>
  <testcase name="method" time="0.035" classname="com.cif.restfull_jenkins.Uat_AssertClass"/>
  <testcase name="method" time="0.052" classname="com.cif.restfull_jenkins.Uat_AssertClass"/>
  <testcase name="method" time="0.053" classname="com.cif.restfull_jenkins.Uat_AssertClass"/>
  <testcase name="method" time="0.092" classname="com.cif.restfull_jenkins.Uat_AssertClass"/>
  <testcase name="method" time="0.041" classname="com.cif.restfull_jenkins.Uat_AssertClass"/>
  <testcase name="method" time="0.048" classname="com.cif.restfull_jenkins.Uat_AssertClass"/>
  <testcase name="method" time="0.040" classname="com.cif.restfull_jenkins.Uat_AssertClass"/>
  <testcase name="method" time="0.045" classname="com.cif.restfull_jenkins.Uat_AssertClass"/>
  <testcase name="method" time="0.035" classname="com.cif.restfull_jenkins.Uat_AssertClass"/>
  <testcase name="method" time="0.037" classname="com.cif.restfull_jenkins.Uat_AssertClass"/>
  <testcase name="method" time="0.039" classname="com.cif.restfull_jenkins.Uat_AssertClass"/>
  <testcase name="method" time="0.041" classname="com.cif.restfull_jenkins.Uat_AssertClass"/>
  <testcase name="method" time="0.055" classname="com.cif.restfull_jenkins.Uat_AssertClass"/>
  <testcase name="method" time="0.041" classname="com.cif.restfull_jenkins.Uat_AssertClass"/>
  <testcase name="method" time="0.040" classname="com.cif.restfull_jenkins.Uat_AssertClass"/>
  <testcase name="method" time="0.095" classname="com.cif.restfull_jenkins.Uat_AssertClass"/>
  <testcase name="method" time="0.048" classname="com.cif.restfull_jenkins.Uat_AssertClass"/>
  <testcase name="method" time="0.039" classname="com.cif.restfull_jenkins.Uat_AssertClass"/>
  <testcase name="method" time="0.048" classname="com.cif.restfull_jenkins.Uat_AssertClass"/>
  <testcase name="method" time="0.040" classname="com.cif.restfull_jenkins.Uat_AssertClass"/>
  <testcase name="method" time="0.040" classname="com.cif.restfull_jenkins.Uat_AssertClass"/>
  <testcase name="method" time="0.062" classname="com.cif.restfull_jenkins.Uat_AssertClass"/>
  <testcase name="method" time="0.042" classname="com.cif.restfull_jenkins.Uat_AssertClass"/>
  <testcase name="method" time="0.049" classname="com.cif.restfull_jenkins.Uat_AssertClass"/>
  <testcase name="method" time="0.038" classname="com.cif.restfull_jenkins.Uat_AssertClass"/>
  <testcase name="method" time="0.042" classname="com.cif.restfull_jenkins.Uat_AssertClass"/>
  <testcase name="method" time="0.052" classname="com.cif.restfull_jenkins.Uat_AssertClass"/>
  <testcase name="method" time="0.048" classname="com.cif.restfull_jenkins.Uat_AssertClass"/>
  <testcase name="method" time="0.054" classname="com.cif.restfull_jenkins.Uat_AssertClass"/>
  <testcase name="method" time="0.038" classname="com.cif.restfull_jenkins.Uat_AssertClass"/>
  <testcase name="method" time="0.044" classname="com.cif.restfull_jenkins.Uat_AssertClass"/>
  <testcase name="method" time="0.048" classname="com.cif.restfull_jenkins.Uat_AssertClass"/>
  <testcase name="method" time="0.047" classname="com.cif.restfull_jenkins.Uat_AssertClass"/>
  <testcase name="method" time="0.041" classname="com.cif.restfull_jenkins.Uat_AssertClass"/>
  <testcase name="method" time="0.044" classname="com.cif.restfull_jenkins.Uat_AssertClass"/>
  <testcase name="method" time="0.042" classname="com.cif.restfull_jenkins.Uat_AssertClass"/>
  <testcase name="method" time="0.051" classname="com.cif.restfull_jenkins.Uat_AssertClass"/>
  <testcase name="method" time="0.040" classname="com.cif.restfull_jenkins.Uat_AssertClass"/>
  <testcase name="method" time="0.037" classname="com.cif.restfull_jenkins.Uat_AssertClass"/>
  <testcase name="method" time="0.042" classname="com.cif.restfull_jenkins.Uat_AssertClass"/>
  <testcase name="method" time="0.049" classname="com.cif.restfull_jenkins.Uat_AssertClass"/>
  <testcase name="method" time="0.043" classname="com.cif.restfull_jenkins.Uat_AssertClass"/>
  <testcase name="method" time="0.063" classname="com.cif.restfull_jenkins.Uat_AssertClass"/>
  <testcase name="method" time="0.037" classname="com.cif.restfull_jenkins.Uat_AssertClass"/>
  <testcase name="method" time="0.135" classname="com.cif.restfull_jenkins.Uat_AssertClass"/>
  <testcase name="method" time="0.039" classname="com.cif.restfull_jenkins.Uat_AssertClass"/>
  <testcase name="method" time="0.049" classname="com.cif.restfull_jenkins.Uat_AssertClass"/>
  <testcase name="method" time="0.043" classname="com.cif.restfull_jenkins.Uat_AssertClass"/>
  <testcase name="method" time="0.036" classname="com.cif.restfull_jenkins.Uat_AssertClass"/>
  <testcase name="method" time="0.040" classname="com.cif.restfull_jenkins.Uat_AssertClass"/>
  <testcase name="method" time="0.043" classname="com.cif.restfull_jenkins.Uat_AssertClass"/>
  <testcase name="method" time="0.055" classname="com.cif.restfull_jenkins.Uat_AssertClass"/>
  <testcase name="method" time="0.045" classname="com.cif.restfull_jenkins.Uat_AssertClass"/>
  <testcase name="method" time="0.046" classname="com.cif.restfull_jenkins.Uat_AssertClass"/>
  <testcase name="method" time="0.075" classname="com.cif.restfull_jenkins.Uat_AssertClass"/>
  <testcase name="method" time="0.037" classname="com.cif.restfull_jenkins.Uat_AssertClass"/>
  <testcase name="method" time="0.051" classname="com.cif.restfull_jenkins.Uat_AssertClass"/>
  <testcase name="method" time="0.044" classname="com.cif.restfull_jenkins.Uat_AssertClass"/>
  <testcase name="method" time="0.040" classname="com.cif.restfull_jenkins.Uat_AssertClass"/>
  <testcase name="method" time="0.047" classname="com.cif.restfull_jenkins.Uat_AssertClass"/>
  <testcase name="method" time="0.053" classname="com.cif.restfull_jenkins.Uat_AssertClass"/>
  <testcase name="method" time="0.037" classname="com.cif.restfull_jenkins.Uat_AssertClass"/>
  <testcase name="method" time="0.041" classname="com.cif.restfull_jenkins.Uat_AssertClass"/>
  <testcase name="method" time="0.044" classname="com.cif.restfull_jenkins.Uat_AssertClass"/>
  <testcase name="method" time="0.042" classname="com.cif.restfull_jenkins.Uat_AssertClass"/>
  <testcase name="method" time="0.048" classname="com.cif.restfull_jenkins.Uat_AssertClass"/>
  <testcase name="method" time="0.039" classname="com.cif.restfull_jenkins.Uat_AssertClass"/>
  <testcase name="method" time="0.039" classname="com.cif.restfull_jenkins.Uat_AssertClass"/>
  <testcase name="method" time="0.037" classname="com.cif.restfull_jenkins.Uat_AssertClass"/>
  <testcase name="method" time="0.048" classname="com.cif.restfull_jenkins.Uat_AssertClass"/>
  <testcase name="method" time="0.043" classname="com.cif.restfull_jenkins.Uat_AssertClass"/>
  <testcase name="method" time="0.049" classname="com.cif.restfull_jenkins.Uat_AssertClass"/>
  <testcase name="method" time="0.047" classname="com.cif.restfull_jenkins.Uat_AssertClass"/>
  <testcase name="method" time="0.051" classname="com.cif.restfull_jenkins.Uat_AssertClass"/>
  <testcase name="method" time="0.042" classname="com.cif.restfull_jenkins.Uat_AssertClass"/>
  <testcase name="method" time="0.038" classname="com.cif.restfull_jenkins.Uat_AssertClass"/>
  <testcase name="method" time="0.062" classname="com.cif.restfull_jenkins.Uat_AssertClass"/>
  <testcase name="method" time="0.048" classname="com.cif.restfull_jenkins.Uat_AssertClass"/>
  <testcase name="method" time="0.041" classname="com.cif.restfull_jenkins.Uat_AssertClass"/>
  <testcase name="method" time="0.044" classname="com.cif.restfull_jenkins.Uat_AssertClass"/>
  <testcase name="method" time="0.044" classname="com.cif.restfull_jenkins.Uat_AssertClass"/>
  <testcase name="method" time="0.040" classname="com.cif.restfull_jenkins.Uat_AssertClass"/>
  <testcase name="method" time="0.044" classname="com.cif.restfull_jenkins.Uat_AssertClass"/>
  <testcase name="method" time="0.042" classname="com.cif.restfull_jenkins.Uat_AssertClass"/>
  <testcase name="method" time="0.042" classname="com.cif.restfull_jenkins.Uat_AssertClass"/>
  <testcase name="method" time="0.037" classname="com.cif.restfull_jenkins.Uat_AssertClass"/>
  <testcase name="method" time="0.037" classname="com.cif.restfull_jenkins.Uat_AssertClass"/>
  <testcase name="method" time="0.037" classname="com.cif.restfull_jenkins.Uat_AssertClass"/>
  <testcase name="method" time="0.045" classname="com.cif.restfull_jenkins.Uat_AssertClass"/>
  <testcase name="method" time="0.043" classname="com.cif.restfull_jenkins.Uat_AssertClass"/>
  <testcase name="method" time="0.073" classname="com.cif.restfull_jenkins.Uat_AssertClass"/>
  <testcase name="method" time="0.036" classname="com.cif.restfull_jenkins.Uat_AssertClass"/>
  <testcase name="method" time="0.046" classname="com.cif.restfull_jenkins.Uat_AssertClass"/>
  <testcase name="method" time="0.047" classname="com.cif.restfull_jenkins.Uat_AssertClass"/>
  <testcase name="method" time="0.035" classname="com.cif.restfull_jenkins.Uat_AssertClass"/>
  <testcase name="method" time="0.045" classname="com.cif.restfull_jenkins.Uat_AssertClass"/>
  <testcase name="method" time="0.079" classname="com.cif.restfull_jenkins.Uat_AssertClass"/>
  <testcase name="method" time="0.036" classname="com.cif.restfull_jenkins.Uat_AssertClass"/>
  <testcase name="method" time="0.041" classname="com.cif.restfull_jenkins.Uat_AssertClass"/>
  <testcase name="method" time="0.046" classname="com.cif.restfull_jenkins.Uat_AssertClass"/>
  <testcase name="method" time="0.037" classname="com.cif.restfull_jenkins.Uat_AssertClass"/>
  <testcase name="method" time="0.043" classname="com.cif.restfull_jenkins.Uat_AssertClass"/>
  <testcase name="method" time="0.041" classname="com.cif.restfull_jenkins.Uat_AssertClass"/>
  <testcase name="method" time="0.038" classname="com.cif.restfull_jenkins.Uat_AssertClass"/>
  <testcase name="method" time="0.041" classname="com.cif.restfull_jenkins.Uat_AssertClass"/>
  <testcase name="method" time="0.039" classname="com.cif.restfull_jenkins.Uat_AssertClass"/>
  <testcase name="method" time="0.041" classname="com.cif.restfull_jenkins.Uat_AssertClass"/>
  <testcase name="method" time="0.043" classname="com.cif.restfull_jenkins.Uat_AssertClass"/>
  <testcase name="method" time="0.048" classname="com.cif.restfull_jenkins.Uat_AssertClass"/>
  <testcase name="method" time="0.042" classname="com.cif.restfull_jenkins.Uat_AssertClass"/>
  <testcase name="method" time="0.059" classname="com.cif.restfull_jenkins.Uat_AssertClass"/>
  <testcase name="method" time="0.048" classname="com.cif.restfull_jenkins.Uat_AssertClass"/>
  <testcase name="method" time="0.035" classname="com.cif.restfull_jenkins.Uat_AssertClass"/>
  <testcase name="method" time="0.040" classname="com.cif.restfull_jenkins.Uat_AssertClass"/>
  <testcase name="method" time="0.063" classname="com.cif.restfull_jenkins.Uat_AssertClass"/>
  <testcase name="method" time="0.045" classname="com.cif.restfull_jenkins.Uat_AssertClass"/>
  <testcase name="method" time="0.053" classname="com.cif.restfull_jenkins.Uat_AssertClass"/>
  <testcase name="method" time="0.042" classname="com.cif.restfull_jenkins.Uat_AssertClass"/>
  <testcase name="method" time="0.050" classname="com.cif.restfull_jenkins.Uat_AssertClass"/>
  <testcase name="method" time="0.039" classname="com.cif.restfull_jenkins.Uat_AssertClass"/>
  <testcase name="method" time="0.046" classname="com.cif.restfull_jenkins.Uat_AssertClass"/>
  <testcase name="method" time="0.050" classname="com.cif.restfull_jenkins.Uat_AssertClass"/>
  <testcase name="method" time="0.039" classname="com.cif.restfull_jenkins.Uat_AssertClass"/>
  <testcase name="method" time="0.037" classname="com.cif.restfull_jenkins.Uat_AssertClass"/>
  <testcase name="method" time="0.037" classname="com.cif.restfull_jenkins.Uat_AssertClass"/>
  <testcase name="method" time="0.046" classname="com.cif.restfull_jenkins.Uat_AssertClass"/>
  <testcase name="method" time="0.052" classname="com.cif.restfull_jenkins.Uat_AssertClass"/>
  <testcase name="method" time="0.048" classname="com.cif.restfull_jenkins.Uat_AssertClass"/>
  <testcase name="method" time="0.044" classname="com.cif.restfull_jenkins.Uat_AssertClass"/>
  <testcase name="method" time="0.047" classname="com.cif.restfull_jenkins.Uat_AssertClass"/>
  <testcase name="method" time="0.058" classname="com.cif.restfull_jenkins.Uat_AssertClass"/>
  <testcase name="method" time="0.057" classname="com.cif.restfull_jenkins.Uat_AssertClass"/>
  <testcase name="method" time="0.048" classname="com.cif.restfull_jenkins.Uat_AssertClass"/>
  <testcase name="method" time="0.042" classname="com.cif.restfull_jenkins.Uat_AssertClass"/>
  <testcase name="method" time="0.039" classname="com.cif.restfull_jenkins.Uat_AssertClass"/>
  <testcase name="method" time="0.051" classname="com.cif.restfull_jenkins.Uat_AssertClass"/>
  <testcase name="method" time="0.045" classname="com.cif.restfull_jenkins.Uat_AssertClass"/>
  <testcase name="method" time="0.043" classname="com.cif.restfull_jenkins.Uat_AssertClass"/>
  <testcase name="method" time="0.040" classname="com.cif.restfull_jenkins.Uat_AssertClass"/>
  <testcase name="method" time="0.053" classname="com.cif.restfull_jenkins.Uat_AssertClass"/>
  <testcase name="method" time="0.060" classname="com.cif.restfull_jenkins.Uat_AssertClass"/>
  <testcase name="method" time="0.038" classname="com.cif.restfull_jenkins.Uat_AssertClass"/>
  <testcase name="method" time="0.036" classname="com.cif.restfull_jenkins.Uat_AssertClass"/>
  <testcase name="method" time="0.044" classname="com.cif.restfull_jenkins.Uat_AssertClass"/>
  <testcase name="method" time="0.046" classname="com.cif.restfull_jenkins.Uat_AssertClass"/>
  <testcase name="method" time="0.039" classname="com.cif.restfull_jenkins.Uat_AssertClass"/>
  <testcase name="method" time="0.036" classname="com.cif.restfull_jenkins.Uat_AssertClass"/>
  <testcase name="method" time="0.043" classname="com.cif.restfull_jenkins.Uat_AssertClass"/>
  <testcase name="method" time="0.062" classname="com.cif.restfull_jenkins.Uat_AssertClass"/>
  <testcase name="method" time="0.042" classname="com.cif.restfull_jenkins.Uat_AssertClass"/>
  <testcase name="method" time="0.043" classname="com.cif.restfull_jenkins.Uat_AssertClass"/>
  <testcase name="method" time="0.045" classname="com.cif.restfull_jenkins.Uat_AssertClass"/>
  <testcase name="method" time="0.058" classname="com.cif.restfull_jenkins.Uat_AssertClass"/>
  <testcase name="method" time="0.056" classname="com.cif.restfull_jenkins.Uat_AssertClass"/>
  <testcase name="method" time="0.122" classname="com.cif.restfull_jenkins.Uat_AssertClass"/>
  <testcase name="method" time="0.037" classname="com.cif.restfull_jenkins.Uat_AssertClass"/>
  <testcase name="method" time="0.040" classname="com.cif.restfull_jenkins.Uat_AssertClass"/>
  <testcase name="method" time="0.039" classname="com.cif.restfull_jenkins.Uat_AssertClass"/>
  <testcase name="method" time="0.052" classname="com.cif.restfull_jenkins.Uat_AssertClass"/>
  <testcase name="method" time="0.075" classname="com.cif.restfull_jenkins.Uat_AssertClass"/>
  <testcase name="method" time="0.045" classname="com.cif.restfull_jenkins.Uat_AssertClass"/>
  <testcase name="method" time="1.034" classname="com.cif.restfull_jenkins.Uat_AssertClass"/>
  <testcase name="method" time="0.050" classname="com.cif.restfull_jenkins.Uat_AssertClass"/>
  <testcase name="method" time="0.050" classname="com.cif.restfull_jenkins.Uat_AssertClass"/>
  <testcase name="method" time="0.038" classname="com.cif.restfull_jenkins.Uat_AssertClass"/>
  <testcase name="method" time="0.046" classname="com.cif.restfull_jenkins.Uat_AssertClass"/>
  <testcase name="method" time="0.050" classname="com.cif.restfull_jenkins.Uat_AssertClass"/>
  <testcase name="method" time="0.053" classname="com.cif.restfull_jenkins.Uat_AssertClass"/>
  <testcase name="method" time="0.040" classname="com.cif.restfull_jenkins.Uat_AssertClass"/>
  <testcase name="method" time="0.044" classname="com.cif.restfull_jenkins.Uat_AssertClass"/>
  <testcase name="method" time="0.041" classname="com.cif.restfull_jenkins.Uat_AssertClass"/>
  <testcase name="method" time="0.041" classname="com.cif.restfull_jenkins.Uat_AssertClass"/>
  <testcase name="method" time="0.051" classname="com.cif.restfull_jenkins.Uat_AssertClass"/>
  <testcase name="method" time="0.047" classname="com.cif.restfull_jenkins.Uat_AssertClass"/>
  <testcase name="method" time="0.052" classname="com.cif.restfull_jenkins.Uat_AssertClass"/>
  <testcase name="method" time="0.058" classname="com.cif.restfull_jenkins.Uat_AssertClass"/>
  <testcase name="method" time="0.059" classname="com.cif.restfull_jenkins.Uat_AssertClass"/>
  <testcase name="method" time="0.044" classname="com.cif.restfull_jenkins.Uat_AssertClass"/>
  <testcase name="method" time="0.036" classname="com.cif.restfull_jenkins.Uat_AssertClass"/>
  <testcase name="method" time="0.053" classname="com.cif.restfull_jenkins.Uat_AssertClass"/>
  <testcase name="method" time="0.048" classname="com.cif.restfull_jenkins.Uat_AssertClass"/>
  <testcase name="method" time="0.041" classname="com.cif.restfull_jenkins.Uat_AssertClass"/>
  <testcase name="method" time="0.041" classname="com.cif.restfull_jenkins.Uat_AssertClass"/>
  <testcase name="method" time="0.039" classname="com.cif.restfull_jenkins.Uat_AssertClass"/>
  <testcase name="method" time="0.050" classname="com.cif.restfull_jenkins.Uat_AssertClass"/>
  <testcase name="method" time="0.053" classname="com.cif.restfull_jenkins.Uat_AssertClass"/>
  <testcase name="method" time="0.036" classname="com.cif.restfull_jenkins.Uat_AssertClass"/>
  <testcase name="method" time="0.045" classname="com.cif.restfull_jenkins.Uat_AssertClass"/>
  <testcase name="method" time="0.038" classname="com.cif.restfull_jenkins.Uat_AssertClass"/>
  <testcase name="method" time="0.074" classname="com.cif.restfull_jenkins.Uat_AssertClass"/>
  <testcase name="method" time="0.041" classname="com.cif.restfull_jenkins.Uat_AssertClass"/>
  <testcase name="method" time="0.039" classname="com.cif.restfull_jenkins.Uat_AssertClass"/>
  <testcase name="method" time="0.043" classname="com.cif.restfull_jenkins.Uat_AssertClass"/>
</testsuite> <!-- com.cif.restfull_jenkins.Uat_AssertClass -->
