<?xml version="1.0" encoding="UTF-8"?>
<!-- Generated by org.testng.reporters.JUnitReportReporter -->
<testsuite hostname="puhui" name="com.cif.restfull_jenkins.AssertClass" tests="23" failures="0" timestamp="3 May 2017 03:53:06 GMT" time="2.216" errors="0">
  <testcase name="method" time="0.042" classname="com.cif.restfull_jenkins.AssertClass"/>
  <testcase name="method" time="0.044" classname="com.cif.restfull_jenkins.AssertClass"/>
  <testcase name="method" time="0.051" classname="com.cif.restfull_jenkins.AssertClass"/>
  <testcase name="method" time="0.040" classname="com.cif.restfull_jenkins.AssertClass"/>
  <testcase name="method" time="0.916" classname="com.cif.restfull_jenkins.AssertClass"/>
  <testcase name="method" time="0.045" classname="com.cif.restfull_jenkins.AssertClass"/>
  <testcase name="method" time="0.049" classname="com.cif.restfull_jenkins.AssertClass"/>
  <testcase name="method" time="0.046" classname="com.cif.restfull_jenkins.AssertClass"/>
  <testcase name="method" time="0.061" classname="com.cif.restfull_jenkins.AssertClass"/>
  <testcase name="method" time="0.040" classname="com.cif.restfull_jenkins.AssertClass"/>
  <testcase name="method" time="0.039" classname="com.cif.restfull_jenkins.AssertClass"/>
  <testcase name="method" time="0.046" classname="com.cif.restfull_jenkins.AssertClass"/>
  <testcase name="method" time="0.039" classname="com.cif.restfull_jenkins.AssertClass"/>
  <testcase name="method" time="0.044" classname="com.cif.restfull_jenkins.AssertClass"/>
  <testcase name="method" time="0.192" classname="com.cif.restfull_jenkins.AssertClass"/>
  <testcase name="method" time="0.147" classname="com.cif.restfull_jenkins.AssertClass"/>
  <testcase name="method" time="0.047" classname="com.cif.restfull_jenkins.AssertClass"/>
  <testcase name="method" time="0.060" classname="com.cif.restfull_jenkins.AssertClass"/>
  <testcase name="method" time="0.051" classname="com.cif.restfull_jenkins.AssertClass"/>
  <testcase name="method" time="0.059" classname="com.cif.restfull_jenkins.AssertClass"/>
  <testcase name="method" time="0.039" classname="com.cif.restfull_jenkins.AssertClass"/>
  <testcase name="method" time="0.072" classname="com.cif.restfull_jenkins.AssertClass"/>
  <testcase name="method" time="0.047" classname="com.cif.restfull_jenkins.AssertClass"/>
</testsuite> <!-- com.cif.restfull_jenkins.AssertClass -->
