<?xml version="1.0" encoding="UTF-8"?>
<!-- Generated by org.testng.reporters.JUnitReportReporter -->
<testsuite hostname="puhui" name="com.cif.restfull_jenkins.Line_AssertClass_N" tests="1" failures="0" timestamp="2 Aug 2017 10:20:01 GMT" time="0.223" errors="0">
  <testcase name="method" time="0.223" classname="com.cif.restfull_jenkins.Line_AssertClass_N"/>
</testsuite> <!-- com.cif.restfull_jenkins.Line_AssertClass_N -->
