<?xml version="1.0" encoding="UTF-8"?>
<!-- Generated by org.testng.reporters.JUnitReportReporter -->
<testsuite hostname="puhui" name="com.cif.restfull_jenkins.AssertClass" tests="23" failures="0" timestamp="9 Nov 2017 09:38:49 GMT" time="3.790" errors="0">
  <testcase name="method" time="0.166" classname="com.cif.restfull_jenkins.AssertClass"/>
  <testcase name="method" time="0.092" classname="com.cif.restfull_jenkins.AssertClass"/>
  <testcase name="method" time="0.104" classname="com.cif.restfull_jenkins.AssertClass"/>
  <testcase name="method" time="0.109" classname="com.cif.restfull_jenkins.AssertClass"/>
  <testcase name="method" time="0.093" classname="com.cif.restfull_jenkins.AssertClass"/>
  <testcase name="method" time="0.090" classname="com.cif.restfull_jenkins.AssertClass"/>
  <testcase name="method" time="0.108" classname="com.cif.restfull_jenkins.AssertClass"/>
  <testcase name="method" time="0.136" classname="com.cif.restfull_jenkins.AssertClass"/>
  <testcase name="method" time="0.094" classname="com.cif.restfull_jenkins.AssertClass"/>
  <testcase name="method" time="0.176" classname="com.cif.restfull_jenkins.AssertClass"/>
  <testcase name="method" time="0.244" classname="com.cif.restfull_jenkins.AssertClass"/>
  <testcase name="method" time="0.107" classname="com.cif.restfull_jenkins.AssertClass"/>
  <testcase name="method" time="0.103" classname="com.cif.restfull_jenkins.AssertClass"/>
  <testcase name="method" time="0.113" classname="com.cif.restfull_jenkins.AssertClass"/>
  <testcase name="method" time="0.105" classname="com.cif.restfull_jenkins.AssertClass"/>
  <testcase name="method" time="0.092" classname="com.cif.restfull_jenkins.AssertClass"/>
  <testcase name="method" time="1.233" classname="com.cif.restfull_jenkins.AssertClass"/>
  <testcase name="method" time="0.114" classname="com.cif.restfull_jenkins.AssertClass"/>
  <testcase name="method" time="0.101" classname="com.cif.restfull_jenkins.AssertClass"/>
  <testcase name="method" time="0.122" classname="com.cif.restfull_jenkins.AssertClass"/>
  <testcase name="method" time="0.089" classname="com.cif.restfull_jenkins.AssertClass"/>
  <testcase name="method" time="0.094" classname="com.cif.restfull_jenkins.AssertClass"/>
  <testcase name="method" time="0.105" classname="com.cif.restfull_jenkins.AssertClass"/>
</testsuite> <!-- com.cif.restfull_jenkins.AssertClass -->
