<?xml version="1.0" encoding="UTF-8"?>
<!-- Generated by org.testng.reporters.JUnitReportReporter -->
<testsuite hostname="puhui" name="com.cif.restfull.Api_Select" tests="1" failures="0" timestamp="3 May 2017 03:37:38 GMT" time="9.525" errors="0">
  <testcase name="testMethod" time="9.525" classname="com.cif.restfull.Api_Select"/>
</testsuite> <!-- com.cif.restfull.Api_Select -->
