<?xml version="1.0" encoding="UTF-8"?>
<!-- Generated by org.testng.reporters.JUnitReportReporter -->
<testsuite hostname="puhui" name="com.cif.utcs.UtcsTesNG_Factory" tests="2" failures="0" timestamp="3 May 2017 03:59:03 GMT" time="3.268" errors="0">
  <testcase name="assertTest" time="1.833" classname="com.cif.utcs.UtcsTesNG_Factory"/>
  <testcase name="assertTest" time="1.435" classname="com.cif.utcs.UtcsTesNG_Factory"/>
</testsuite> <!-- com.cif.utcs.UtcsTesNG_Factory -->
